<?xml version="1.0" encoding="UTF-8"?>
<testng-results skipped="0" failed="0" ignored="0" total="1" passed="1">
  <reporter-output>
  </reporter-output>
  <suite name="com.cybertek.TestNGAmazonSearch" duration-ms="7812" started-at="2018-09-20T14:20:46Z" finished-at="2018-09-20T14:20:54Z">
    <groups>
    </groups>
    <test name="Command line test" duration-ms="7812" started-at="2018-09-20T14:20:46Z" finished-at="2018-09-20T14:20:54Z">
      <class name="com.cybertek.TestNGAmazonSearch">
        <test-method status="PASS" signature="goToAmazon()[pri:0, instance:com.cybertek.TestNGAmazonSearch@42d3bd8b]" name="goToAmazon" duration-ms="7794" started-at="2018-09-20T14:20:46Z" finished-at="2018-09-20T14:20:54Z">
          <reporter-output>
          </reporter-output>
        </test-method> <!-- goToAmazon -->
      </class> <!-- com.cybertek.TestNGAmazonSearch -->
    </test> <!-- Command line test -->
  </suite> <!-- com.cybertek.TestNGAmazonSearch -->
</testng-results>
