<?xml version="1.0" encoding="UTF-8"?>
<testng-results skipped="0" failed="0" ignored="0" total="1" passed="1">
  <reporter-output>
  </reporter-output>
  <suite name="Default suite" duration-ms="6358" started-at="2018-09-18T03:34:25Z" finished-at="2018-09-18T03:34:32Z">
    <groups>
    </groups>
    <test name="Default test" duration-ms="6358" started-at="2018-09-18T03:34:25Z" finished-at="2018-09-18T03:34:32Z">
      <class name="com.cybertek.TestNGAmazonSearch">
        <test-method status="PASS" signature="goToAmazon()[pri:0, instance:com.cybertek.TestNGAmazonSearch@42d80b78]" name="goToAmazon" duration-ms="6337" started-at="2018-09-18T03:34:25Z" finished-at="2018-09-18T03:34:32Z">
          <reporter-output>
          </reporter-output>
        </test-method> <!-- goToAmazon -->
      </class> <!-- com.cybertek.TestNGAmazonSearch -->
    </test> <!-- Default test -->
  </suite> <!-- Default suite -->
</testng-results>
